--2018-05-30 21:07:26--  http://190.114.222.202/tcs/download/7F6B1451-C3D6-42A8-956E-13D33A6F5395
Conectando con 190.114.222.202:80... conectado.
Petición HTTP enviada, esperando respuesta... 200 OK
Longitud: 265591147 (253M) [application/force-download]
Grabando a: “tmps/video1”

     0K .......... .......... .......... .......... ..........  0% 18,1K 3h59m
    50K .......... .......... .......... .......... ..........  0%  472K 2h4m
   100K .......... .......... .......... .......... ..........  0%  482K 85m49s
   150K .......... .......... .......... .......... ..........  0%  486K 66m34s
   200K .......... .......... .......... .......... ..........  0%  435K 55m14s
   250K .......... .......... .......... .......... ..........  0%  484K 47m30s
   300K .......... .......... .......... .......... ..........  0%  481K 41m59s
   350K .......... .......... .......... .......... ..........  0%  465K 37m54s
   400K .......... .......... .......... .......... ..........  0%  474K 34m41s
   450K .......... .......... .......... .......... ..........  0%  392K 32m19s
   500K .......... .......... .......... .......... ..........  0%  361K 30m27s
   550K .......... .......... .......... .......... ..........  0%  465K 28m41s
   600K .......... .......... .......... .......... ..........  0%  466K 27m11s
   650K .......... .......... .......... .......... ..........  0%  485K 25m53s
   700K .......... .......... .......... .......... ..........  0%  327K 25m1s
   750K .......... .......... .......... .......... ..........  0%  659K 23m52s
   800K .......... .......... .......... .......... ..........  0%  467K 23m0s
   850K .......... .......... .......... .......... ..........  0%  357K 22m23s
   900K .......... .......... .......... .......... ..........  0%  365K 21m50s
   950K .......... .......... .......... .......... ..........  0%  479K 21m11s
  1000K .......... .......... .......... .......... ..........  0%  439K 20m38s
  1050K .......... .......... .......... .......... ..........  0%  471K 20m7s
  1100K .......... .......... .......... .......... ..........  0%  484K 19m37s
  1150K .......... .......... .......... .......... ..........  0%  441K 19m12s
  1200K .......... .......... .......... .......... ..........  0%  483K 18m47s
  1250K .......... .......... .......... .......... ..........  0%  444K 18m26s
  1300K .......... .......... .......... .......... ..........  0%  238K 18m25s
  1350K .......... .......... .......... .......... ..........  0%  283K 18m18s
  1400K .......... .......... .......... .......... ..........  0% 30,4K 22m32s
  1450K .......... .......... .......... .......... ..........  0%  184K 22m34s
  1500K .......... .......... .......... .......... ..........  0%  180K 22m36s
  1550K .......... .......... .......... .......... ..........  0%  159K 22m44s
  1600K .......... .......... .......... .......... ..........  0%  117K 23m9s
  1650K .......... .......... .......... .......... ..........  0% 55,8K 24m43s
  1700K .......... .......... .......... .......... ..........  0% 22,2K 29m32s
  1750K .......... .......... .......... .......... ..........  0%  170K 29m25s
  1800K .......... .......... .......... .......... ..........  0%  207K 29m10s
  1850K .......... .......... .......... .......... ..........  0%  355K 28m43s
  1900K .......... .......... .......... .......... ..........  0%  323K 28m19s
  1950K .......... .......... .......... .......... ..........  0%  428K 27m51s
  2000K .......... .......... .......... .......... ..........  0%  425K 27m25s
  2050K .......... .......... .......... .......... ..........  0%  483K 26m58s
  2100K .......... .......... .......... .......... ..........  0%  482K 26m32s
  2150K .......... .......... .......... .......... ..........  0%  456K 26m9s
  2200K .......... .......... .......... .......... ..........  0%  271K 25m55s
  2250K .......... .......... .......... .......... ..........  0%  101K 26m16s
  2300K .......... .......... .......... .......... ..........  0%  212K 26m8s
  2350K .......... .......... .......... .......... ..........  0%  438K 25m47s
  2400K .......... .......... .......... .......... ..........  0%  450K 25m27s
  2450K .......... .......... .......... .......... ..........  0%  207K 25m21s
  2500K .......... .......... .......... .......... ..........  0% 44,3K 26m44s
  2550K .......... .......... .......... .......... ..........  1% 60,8K 27m35s
  2600K .......... .......... .......... .......... ..........  1%  398K 27m15s
  2650K .......... .......... .......... .......... ..........  1%  452K 26m55s
  2700K .......... .......... .......... .......... ..........  1%  459K 26m36s
  2750K .......... .......... .......... .......... ..........  1%  440K 26m17s
  2800K .......... .......... .......... .......... ..........  1%  484K 25m59s
  2850K .......... .......... .......... .......... ..........  1%  341K 25m44s
  2900K .......... .......... .......... .......... ..........  1% 41,1K 27m3s
  2950K .......... .......... .......... .......... ..........  1% 7,18K 36m31s
  3000K .......... .......... .......... .......... ..........  1% 21,5K 39m10s
  3050K .......... .......... .......... .......... ..........  1%  108K 39m10s
  3100K .......... .......... .......... .......... ..........  1% 78,7K 39m24s
  3150K .......... .......... .......... .......... ..........  1% 28,5K 41m7s
  3200K .......... .......... .......... .......... ..........  1% 57,7K 41m37s
  3250K .......... .......... .......... .......... ..........  1%  177K 41m21s
  3300K .......... .......... .......... .......... ..........  1%  323K 40m55s
  3350K .......... .......... .......... .......... ..........  1%  394K 40m28s
  3400K .......... .......... .......... .......... ..........  1%  411K 40m1s
  3450K .......... .......... .......... .......... ..........  1%  380K 39m36s
  3500K .......... .......... .......... .......... ..........  1%  407K 39m11s
  3550K .......... .......... .......... .......... ..........  1%  252K 38m52s
  3600K .......... .......... .......... .......... ..........  1%  222K 38m36s
  3650K .......... .......... .......... .......... ..........  1%  308K 38m15s
  3700K .......... .......... .......... .......... ..........  1%  200K 38m1s
  3750K .......... .......... .........